<?xml version="1.0" encoding="UTF-8"?>
<testng-results ignored="0" total="3" passed="3" failed="0" skipped="0">
  <reporter-output>
  </reporter-output>
  <suite started-at="2024-09-02T09:53:37 EEST" name="Default suite" finished-at="2024-09-02T09:53:37 EEST" duration-ms="67">
    <groups>
    </groups>
    <test started-at="2024-09-02T09:53:37 EEST" name="Default test" finished-at="2024-09-02T09:53:37 EEST" duration-ms="67">
      <class name="Fatima.FatimaTest">
        <test-method signature="AignIn()[pri:0, instance:Fatima.FatimaTest@581ac8a8]" started-at="2024-09-02T09:53:37 EEST" name="AignIn" finished-at="2024-09-02T09:53:37 EEST" duration-ms="19" status="PASS">
          <reporter-output>
          </reporter-output>
        </test-method> <!-- AignIn -->
        <test-method signature="BpenBrowser()[pri:0, instance:Fatima.FatimaTest@581ac8a8]" started-at="2024-09-02T09:53:37 EEST" name="BpenBrowser" finished-at="2024-09-02T09:53:37 EEST" duration-ms="2" status="PASS">
          <reporter-output>
          </reporter-output>
        </test-method> <!-- BpenBrowser -->
        <test-method signature="LogOut()[pri:0, instance:Fatima.FatimaTest@581ac8a8]" started-at="2024-09-02T09:53:37 EEST" name="LogOut" finished-at="2024-09-02T09:53:37 EEST" duration-ms="1" status="PASS">
          <reporter-output>
          </reporter-output>
        </test-method> <!-- LogOut -->
      </class> <!-- Fatima.FatimaTest -->
    </test> <!-- Default test -->
  </suite> <!-- Default suite -->
</testng-results>
